<?xml version="1.0" encoding="UTF-8"?>
<!-- Generated by org.testng.reporters.JUnitReportReporter -->
<testsuite hostname="Pratik" failures="0" tests="1" name="Evaluation_29_6.OrangeHRM" time="37.220" errors="0" timestamp="2024-06-29T13:14:00 IST" skipped="0">
  <testcase classname="Evaluation_29_6.OrangeHRM" name="test1" time="37.220"/>
  <system-out/>
</testsuite> <!-- Evaluation_29_6.OrangeHRM -->
